[2022-06-10 13:34:34.306] [sharedprocess] [info] Starting worker process with pid 24168 (type: fileWatcher, window: 1).
[2022-06-10 13:38:35.309] [sharedprocess] [info] Getting Manifest... sheaf.groovylambda
[2022-06-10 13:38:35.522] [sharedprocess] [info] Installing extension: sheaf.groovylambda
[2022-06-10 13:38:36.748] [sharedprocess] [info] Downloaded extension: sheaf.groovylambda /home/ruslan/.config/VSCodium/CachedExtensionVSIXs/sheaf.groovylambda-0.1.0
[2022-06-10 13:38:36.785] [sharedprocess] [info] Extracted extension to /home/ruslan/.vscode-oss/extensions/.98404fce-7a5b-4b36-90a4-9ca7cd6efd03: sheaf.groovylambda
[2022-06-10 13:38:36.815] [sharedprocess] [info] Renamed to /home/ruslan/.vscode-oss/extensions/sheaf.groovylambda-0.1.0
[2022-06-10 13:38:36.817] [sharedprocess] [info] Extracting completed. sheaf.groovylambda
[2022-06-10 13:38:36.819] [sharedprocess] [info] Extension installed successfully: sheaf.groovylambda
[2022-06-10 13:39:00.145] [sharedprocess] [info] Getting Manifest... pyxel.runic-theme
[2022-06-10 13:39:00.259] [sharedprocess] [info] Installing extension: pyxel.runic-theme
[2022-06-10 13:39:01.518] [sharedprocess] [info] Downloaded extension: pyxel.runic-theme /home/ruslan/.config/VSCodium/CachedExtensionVSIXs/pyxel.runic-theme-1.2.0
[2022-06-10 13:39:01.535] [sharedprocess] [info] Extracted extension to /home/ruslan/.vscode-oss/extensions/.0f4c4615-4106-4ceb-9ff0-7322d7d3425d: pyxel.runic-theme
[2022-06-10 13:39:01.573] [sharedprocess] [info] Renamed to /home/ruslan/.vscode-oss/extensions/pyxel.runic-theme-1.2.0
[2022-06-10 13:39:01.575] [sharedprocess] [info] Extracting completed. pyxel.runic-theme
[2022-06-10 13:39:01.575] [sharedprocess] [info] Extension installed successfully: pyxel.runic-theme
[2022-06-10 13:41:07.731] [sharedprocess] [info] Getting Manifest... gulajavaministudio.mayukaithemevsc
[2022-06-10 13:41:07.863] [sharedprocess] [info] Installing extension: gulajavaministudio.mayukaithemevsc
[2022-06-10 13:41:13.690] [sharedprocess] [info] Downloaded extension: gulajavaministudio.mayukaithemevsc /home/ruslan/.config/VSCodium/CachedExtensionVSIXs/gulajavaministudio.mayukaithemevsc-3.2.2
[2022-06-10 13:41:14.019] [sharedprocess] [info] Extracted extension to /home/ruslan/.vscode-oss/extensions/.4f1a8591-c750-49e6-a298-9a9cc0b5dc21: gulajavaministudio.mayukaithemevsc
[2022-06-10 13:41:14.065] [sharedprocess] [info] Renamed to /home/ruslan/.vscode-oss/extensions/gulajavaministudio.mayukaithemevsc-3.2.2
[2022-06-10 13:41:14.067] [sharedprocess] [info] Extracting completed. gulajavaministudio.mayukaithemevsc
[2022-06-10 13:41:14.069] [sharedprocess] [info] Extension installed successfully: gulajavaministudio.mayukaithemevsc
[2022-06-10 13:42:47.410] [sharedprocess] [info] Getting Manifest... sainnhe.gruvbox-material
[2022-06-10 13:42:47.558] [sharedprocess] [info] Installing extension: sainnhe.gruvbox-material
[2022-06-10 13:42:49.543] [sharedprocess] [info] Downloaded extension: sainnhe.gruvbox-material /home/ruslan/.config/VSCodium/CachedExtensionVSIXs/sainnhe.gruvbox-material-6.5.0
[2022-06-10 13:42:49.687] [sharedprocess] [info] Extracted extension to /home/ruslan/.vscode-oss/extensions/.d2ac895f-22bb-4453-8f12-b052fe2d34d1: sainnhe.gruvbox-material
[2022-06-10 13:42:49.743] [sharedprocess] [info] Renamed to /home/ruslan/.vscode-oss/extensions/sainnhe.gruvbox-material-6.5.0
[2022-06-10 13:42:49.745] [sharedprocess] [info] Extracting completed. sainnhe.gruvbox-material
[2022-06-10 13:42:49.746] [sharedprocess] [info] Extension installed successfully: sainnhe.gruvbox-material
[2022-06-10 13:44:13.347] [sharedprocess] [info] Uninstalling extension: pkief.material-icon-theme
[2022-06-10 13:44:13.617] [sharedprocess] [info] Detected extension removed from another source pkief.material-icon-theme
[2022-06-10 13:44:19.465] [sharedprocess] [info] Successfully uninstalled extension: pkief.material-icon-theme
[2022-06-10 13:44:20.684] [sharedprocess] [info] Uninstalling extension: luxcium.pop-n-lock-theme-vscode
[2022-06-10 13:44:20.723] [sharedprocess] [info] Uninstalling extension: aaron-bond.better-comments
[2022-06-10 13:44:20.723] [sharedprocess] [info] Uninstalling extension: coenraads.bracket-pair-colorizer-2
[2022-06-10 13:44:21.563] [sharedprocess] [info] Successfully uninstalled extension: luxcium.pop-n-lock-theme-vscode
[2022-06-10 13:44:21.736] [sharedprocess] [info] Successfully uninstalled extension: aaron-bond.better-comments
[2022-06-10 13:44:21.821] [sharedprocess] [info] Successfully uninstalled extension: coenraads.bracket-pair-colorizer-2
[2022-06-10 13:44:47.460] [sharedprocess] [info] Worker process with pid 24168 terminated normally (type: fileWatcher, window: 1).
[2022-06-10 13:44:49.335] [sharedprocess] [info] Starting worker process with pid 26741 (type: fileWatcher, window: 1).
[2022-06-10 14:04:54.064] [sharedprocess] [info] Getting Manifest... asvetliakov.vscode-neovim
[2022-06-10 14:04:54.274] [sharedprocess] [info] Installing extension: asvetliakov.vscode-neovim
[2022-06-10 14:04:57.802] [sharedprocess] [info] Downloaded extension: asvetliakov.vscode-neovim /home/ruslan/.config/VSCodium/CachedExtensionVSIXs/asvetliakov.vscode-neovim-0.0.85
[2022-06-10 14:04:57.911] [sharedprocess] [info] Extracted extension to /home/ruslan/.vscode-oss/extensions/.8e4f5f14-95ae-43bf-97bd-4905c84cd68b: asvetliakov.vscode-neovim
[2022-06-10 14:04:57.945] [sharedprocess] [info] Renamed to /home/ruslan/.vscode-oss/extensions/asvetliakov.vscode-neovim-0.0.85
[2022-06-10 14:04:57.947] [sharedprocess] [info] Extracting completed. asvetliakov.vscode-neovim
[2022-06-10 14:04:57.950] [sharedprocess] [info] Extension installed successfully: asvetliakov.vscode-neovim
