[2022-06-10T11:19:50.702Z] Log level: Info
[2022-06-10T11:19:50.704Z] [info] Validating found git in: git
[2022-06-10T11:19:50.734Z] [info] Using git 2.36.1 from git
[2022-06-10T11:19:50.777Z] > git rev-parse --show-toplevel [7ms]
[2022-06-10T11:19:50.789Z] > git rev-parse --git-dir --git-common-dir [2ms]
[2022-06-10T11:19:50.796Z] [info] Open repository: /home/ruslan/Desktop/webDevLearn/shorty-new
[2022-06-10T11:19:50.827Z] > git status -z -uall [22ms]
[2022-06-10T11:19:50.844Z] > git symbolic-ref --short HEAD [8ms]
[2022-06-10T11:19:51.017Z] > git for-each-ref --format=%(refname)%00%(upstream:short)%00%(objectname)%00%(upstream:track)%00%(upstream:remotename)%00%(upstream:remoteref) refs/heads/master refs/remotes/master [165ms]
[2022-06-10T11:19:51.046Z] > git remote --verbose [13ms]
[2022-06-10T11:19:51.047Z] > git for-each-ref --sort -committerdate --format %(refname) %(objectname) %(*objectname) [21ms]
[2022-06-10T11:19:51.149Z] > git config --get commit.template [14ms]
[2022-06-10T11:19:51.419Z] > git check-ignore -v -z --stdin [26ms]
[2022-06-10T11:21:18.426Z] > git show --textconv :src/components/Link.jsx [25ms]
[2022-06-10T11:21:18.458Z] > git ls-files --stage -- /home/ruslan/Desktop/webDevLearn/shorty-new/src/components/Link.jsx [33ms]
[2022-06-10T11:21:18.520Z] > git cat-file -s 34090903402cad7e1c4055dd59d3b20d9feddc63 [20ms]
[2022-06-10T11:21:48.016Z] > git status -z -uall [12ms]
[2022-06-10T11:21:48.023Z] > git symbolic-ref --short HEAD [2ms]
[2022-06-10T11:21:48.030Z] > git for-each-ref --format=%(refname)%00%(upstream:short)%00%(objectname)%00%(upstream:track)%00%(upstream:remotename)%00%(upstream:remoteref) refs/heads/master refs/remotes/master [2ms]
[2022-06-10T11:21:48.043Z] > git remote --verbose [2ms]
[2022-06-10T11:21:48.043Z] > git for-each-ref --sort -committerdate --format %(refname) %(objectname) %(*objectname) [7ms]
[2022-06-10T11:21:48.054Z] > git config --get commit.template [2ms]
[2022-06-10T11:21:53.090Z] > git status -z -uall [16ms]
[2022-06-10T11:21:53.100Z] > git symbolic-ref --short HEAD [2ms]
[2022-06-10T11:21:53.109Z] > git for-each-ref --format=%(refname)%00%(upstream:short)%00%(objectname)%00%(upstream:track)%00%(upstream:remotename)%00%(upstream:remoteref) refs/heads/master refs/remotes/master [1ms]
[2022-06-10T11:21:53.125Z] > git for-each-ref --sort -committerdate --format %(refname) %(objectname) %(*objectname) [9ms]
[2022-06-10T11:21:53.126Z] > git remote --verbose [2ms]
[2022-06-10T11:21:53.135Z] > git config --get commit.template [1ms]
[2022-06-10T11:21:59.757Z] > git status -z -uall [11ms]
[2022-06-10T11:21:59.765Z] > git symbolic-ref --short HEAD [2ms]
[2022-06-10T11:21:59.772Z] > git for-each-ref --format=%(refname)%00%(upstream:short)%00%(objectname)%00%(upstream:track)%00%(upstream:remotename)%00%(upstream:remoteref) refs/heads/master refs/remotes/master [1ms]
[2022-06-10T11:21:59.784Z] > git for-each-ref --sort -committerdate --format %(refname) %(objectname) %(*objectname) [6ms]
[2022-06-10T11:21:59.784Z] > git remote --verbose [1ms]
[2022-06-10T11:21:59.794Z] > git config --get commit.template [0ms]
[2022-06-10T11:22:01.693Z] > git show --textconv HEAD:src/components/Link.jsx [11ms]
[2022-06-10T11:22:01.694Z] > git ls-tree -l HEAD -- /home/ruslan/Desktop/webDevLearn/shorty-new/src/components/Link.jsx [4ms]
[2022-06-10T11:22:08.616Z] > git ls-tree -l HEAD -- /home/ruslan/Desktop/webDevLearn/shorty-new/src/components/Link.jsx [10ms]
[2022-06-10T11:22:08.632Z] > git checkout -q -- /home/ruslan/Desktop/webDevLearn/shorty-new/src/components/Link.jsx [17ms]
[2022-06-10T11:22:08.644Z] > git status -z -uall [2ms]
[2022-06-10T11:22:08.653Z] > git symbolic-ref --short HEAD [1ms]
[2022-06-10T11:22:08.664Z] > git for-each-ref --format=%(refname)%00%(upstream:short)%00%(objectname)%00%(upstream:track)%00%(upstream:remotename)%00%(upstream:remoteref) refs/heads/master refs/remotes/master [2ms]
[2022-06-10T11:22:08.683Z] > git for-each-ref --sort -committerdate --format %(refname) %(objectname) %(*objectname) [11ms]
[2022-06-10T11:22:08.683Z] > git remote --verbose [2ms]
[2022-06-10T11:22:08.700Z] > git config --get commit.template [1ms]
[2022-06-10T11:22:09.812Z] > git ls-tree -l HEAD -- /home/ruslan/Desktop/webDevLearn/shorty-new/src/components/Link.jsx [2ms]
[2022-06-10T11:22:09.826Z] > git show --textconv HEAD:src/components/Link.jsx [1ms]
[2022-06-10T11:22:10.807Z] > git ls-tree -l HEAD -- /home/ruslan/Desktop/webDevLearn/shorty-new/src/components/Link.jsx [14ms]
[2022-06-10T11:22:10.808Z] > git checkout -q -- /home/ruslan/Desktop/webDevLearn/shorty-new/src/App.jsx [4ms]
[2022-06-10T11:22:10.817Z] > git status -z -uall [2ms]
[2022-06-10T11:22:10.827Z] > git symbolic-ref --short HEAD [1ms]
[2022-06-10T11:22:10.837Z] > git for-each-ref --format=%(refname)%00%(upstream:short)%00%(objectname)%00%(upstream:track)%00%(upstream:remotename)%00%(upstream:remoteref) refs/heads/master refs/remotes/master [2ms]
[2022-06-10T11:22:10.858Z] > git for-each-ref --sort -committerdate --format %(refname) %(objectname) %(*objectname) [12ms]
[2022-06-10T11:22:10.858Z] > git remote --verbose [2ms]
[2022-06-10T11:22:10.875Z] > git config --get commit.template [1ms]
[2022-06-10T11:22:10.888Z] > git status -z -uall [3ms]
[2022-06-10T11:22:10.896Z] > git symbolic-ref --short HEAD [2ms]
[2022-06-10T11:22:10.909Z] > git for-each-ref --format=%(refname)%00%(upstream:short)%00%(objectname)%00%(upstream:track)%00%(upstream:remotename)%00%(upstream:remoteref) refs/heads/master refs/remotes/master [2ms]
[2022-06-10T11:22:10.928Z] > git for-each-ref --sort -committerdate --format %(refname) %(objectname) %(*objectname) [9ms]
[2022-06-10T11:22:10.928Z] > git remote --verbose [1ms]
[2022-06-10T11:22:10.939Z] > git config --get commit.template [1ms]
[2022-06-10T11:22:12.054Z] > git ls-tree -l HEAD -- /home/ruslan/Desktop/webDevLearn/shorty-new/src/components/Link.jsx [2ms]
[2022-06-10T11:22:12.069Z] > git show --textconv HEAD:src/components/Link.jsx [2ms]
[2022-06-10T11:22:13.136Z] > git show --textconv :src/components/Link.jsx [8ms]
[2022-06-10T11:22:13.138Z] > git ls-files --stage -- /home/ruslan/Desktop/webDevLearn/shorty-new/src/components/Link.jsx [2ms]
[2022-06-10T11:22:13.160Z] > git cat-file -s 34090903402cad7e1c4055dd59d3b20d9feddc63 [15ms]
[2022-06-10T11:22:15.954Z] > git status -z -uall [2ms]
[2022-06-10T11:22:15.960Z] > git symbolic-ref --short HEAD [1ms]
[2022-06-10T11:22:15.967Z] > git for-each-ref --format=%(refname)%00%(upstream:short)%00%(objectname)%00%(upstream:track)%00%(upstream:remotename)%00%(upstream:remoteref) refs/heads/master refs/remotes/master [2ms]
[2022-06-10T11:22:15.979Z] > git for-each-ref --sort -committerdate --format %(refname) %(objectname) %(*objectname) [7ms]
[2022-06-10T11:22:15.979Z] > git remote --verbose [2ms]
[2022-06-10T11:22:15.988Z] > git config --get commit.template [1ms]
[2022-06-10T11:23:05.083Z] > git show --textconv :src/components/Link.jsx [10ms]
[2022-06-10T11:23:05.084Z] > git ls-files --stage -- /home/ruslan/Desktop/webDevLearn/shorty-new/src/components/Link.jsx [2ms]
[2022-06-10T11:23:05.093Z] > git cat-file -s 34090903402cad7e1c4055dd59d3b20d9feddc63 [1ms]
[2022-06-10T11:28:11.664Z] > git show --textconv :src/components/Form.jsx [33ms]
[2022-06-10T11:28:11.664Z] > git ls-files --stage -- /home/ruslan/Desktop/webDevLearn/shorty-new/src/components/Form.jsx [5ms]
[2022-06-10T11:28:11.697Z] > git cat-file -s 7238265ee45592b7b16cc2f9a6724eb3efb82117 [9ms]
[2022-06-10T11:29:21.265Z] > git show --textconv :src/components/Form.jsx [6ms]
[2022-06-10T11:29:21.266Z] > git ls-files --stage -- /home/ruslan/Desktop/webDevLearn/shorty-new/src/components/Form.jsx [1ms]
[2022-06-10T11:29:21.275Z] > git cat-file -s 7238265ee45592b7b16cc2f9a6724eb3efb82117 [2ms]
[2022-06-10T11:29:24.237Z] > git show --textconv :index.html [38ms]
[2022-06-10T11:29:24.239Z] > git ls-files --stage -- /home/ruslan/Desktop/webDevLearn/shorty-new/index.html [22ms]
[2022-06-10T11:29:24.258Z] > git cat-file -s 18c3fca63f8be9e2b6292d723acdd9611fe6b9fa [3ms]
[2022-06-10T11:29:24.819Z] > git show --textconv :src/components/Form.jsx [13ms]
[2022-06-10T11:29:24.822Z] > git ls-files --stage -- /home/ruslan/Desktop/webDevLearn/shorty-new/src/components/Form.jsx [4ms]
[2022-06-10T11:29:24.839Z] > git cat-file -s 7238265ee45592b7b16cc2f9a6724eb3efb82117 [5ms]
[2022-06-10T11:29:25.299Z] > git show --textconv :.prettierrc [19ms]
[2022-06-10T11:29:25.301Z] > git ls-files --stage -- /home/ruslan/Desktop/webDevLearn/shorty-new/.prettierrc [13ms]
[2022-06-10T11:29:25.311Z] > git cat-file -s 45d76c62b88fed0484364e94a068053c0c000bde [2ms]
[2022-06-10T11:29:25.871Z] > git show --textconv :src/components/Form.jsx [7ms]
[2022-06-10T11:29:25.872Z] > git ls-files --stage -- /home/ruslan/Desktop/webDevLearn/shorty-new/src/components/Form.jsx [2ms]
[2022-06-10T11:29:25.881Z] > git cat-file -s 7238265ee45592b7b16cc2f9a6724eb3efb82117 [2ms]
[2022-06-10T11:29:26.598Z] > git show --textconv :src/components/Link.jsx [8ms]
[2022-06-10T11:29:26.599Z] > git ls-files --stage -- /home/ruslan/Desktop/webDevLearn/shorty-new/src/components/Link.jsx [2ms]
[2022-06-10T11:29:26.608Z] > git cat-file -s 34090903402cad7e1c4055dd59d3b20d9feddc63 [1ms]
[2022-06-10T11:30:13.155Z] > git show --textconv :src/components/Form.jsx [7ms]
[2022-06-10T11:30:13.157Z] > git ls-files --stage -- /home/ruslan/Desktop/webDevLearn/shorty-new/src/components/Form.jsx [2ms]
[2022-06-10T11:30:13.169Z] > git cat-file -s 7238265ee45592b7b16cc2f9a6724eb3efb82117 [2ms]
[2022-06-10T11:30:20.404Z] > git show --textconv :src/components/Form.jsx [8ms]
[2022-06-10T11:30:20.405Z] > git ls-files --stage -- /home/ruslan/Desktop/webDevLearn/shorty-new/src/components/Form.jsx [2ms]
[2022-06-10T11:30:20.414Z] > git cat-file -s 7238265ee45592b7b16cc2f9a6724eb3efb82117 [1ms]
[2022-06-10T11:30:27.121Z] > git show --textconv :src/components/Form.jsx [7ms]
[2022-06-10T11:30:27.121Z] > git ls-files --stage -- /home/ruslan/Desktop/webDevLearn/shorty-new/src/components/Form.jsx [1ms]
[2022-06-10T11:30:27.128Z] > git cat-file -s 7238265ee45592b7b16cc2f9a6724eb3efb82117 [2ms]
[2022-06-10T11:31:10.981Z] > git show --textconv :src/components/Form.jsx [9ms]
[2022-06-10T11:31:10.982Z] > git ls-files --stage -- /home/ruslan/Desktop/webDevLearn/shorty-new/src/components/Form.jsx [1ms]
[2022-06-10T11:31:10.989Z] > git cat-file -s 7238265ee45592b7b16cc2f9a6724eb3efb82117 [1ms]
[2022-06-10T11:32:02.941Z] > git show --textconv :src/components/Form.jsx [9ms]
[2022-06-10T11:32:02.942Z] > git ls-files --stage -- /home/ruslan/Desktop/webDevLearn/shorty-new/src/components/Form.jsx [1ms]
[2022-06-10T11:32:02.948Z] > git cat-file -s 7238265ee45592b7b16cc2f9a6724eb3efb82117 [1ms]
[2022-06-10T11:32:39.350Z] > git show --textconv :src/components/Form.jsx [7ms]
[2022-06-10T11:32:39.351Z] > git ls-files --stage -- /home/ruslan/Desktop/webDevLearn/shorty-new/src/components/Form.jsx [2ms]
[2022-06-10T11:32:39.358Z] > git cat-file -s 7238265ee45592b7b16cc2f9a6724eb3efb82117 [1ms]
[2022-06-10T11:33:09.869Z] > git show --textconv :src/components/Form.jsx [11ms]
[2022-06-10T11:33:09.877Z] > git ls-files --stage -- /home/ruslan/Desktop/webDevLearn/shorty-new/src/components/Form.jsx [9ms]
[2022-06-10T11:33:09.884Z] > git cat-file -s 7238265ee45592b7b16cc2f9a6724eb3efb82117 [1ms]
[2022-06-10T11:33:29.426Z] > git show --textconv :src/components/Form.jsx [6ms]
[2022-06-10T11:33:29.427Z] > git ls-files --stage -- /home/ruslan/Desktop/webDevLearn/shorty-new/src/components/Form.jsx [1ms]
[2022-06-10T11:33:29.436Z] > git cat-file -s 7238265ee45592b7b16cc2f9a6724eb3efb82117 [2ms]
[2022-06-10T11:33:47.686Z] > git show --textconv :src/components/Form.jsx [13ms]
[2022-06-10T11:33:47.688Z] > git ls-files --stage -- /home/ruslan/Desktop/webDevLearn/shorty-new/src/components/Form.jsx [8ms]
[2022-06-10T11:33:47.697Z] > git cat-file -s 7238265ee45592b7b16cc2f9a6724eb3efb82117 [1ms]
[2022-06-10T11:33:57.354Z] > git show --textconv :src/components/Form.jsx [10ms]
[2022-06-10T11:33:57.355Z] > git ls-files --stage -- /home/ruslan/Desktop/webDevLearn/shorty-new/src/components/Form.jsx [4ms]
[2022-06-10T11:33:57.365Z] > git cat-file -s 7238265ee45592b7b16cc2f9a6724eb3efb82117 [2ms]
[2022-06-10T11:34:16.164Z] > git status -z -uall [2ms]
[2022-06-10T11:34:16.171Z] > git symbolic-ref --short HEAD [1ms]
[2022-06-10T11:34:16.181Z] > git for-each-ref --format=%(refname)%00%(upstream:short)%00%(objectname)%00%(upstream:track)%00%(upstream:remotename)%00%(upstream:remoteref) refs/heads/master refs/remotes/master [2ms]
[2022-06-10T11:34:16.201Z] > git remote --verbose [9ms]
[2022-06-10T11:34:16.201Z] > git for-each-ref --sort -committerdate --format %(refname) %(objectname) %(*objectname) [14ms]
[2022-06-10T11:34:16.214Z] > git config --get commit.template [2ms]
[2022-06-10T11:34:23.178Z] > git show --textconv :src/components/Link.jsx [10ms]
[2022-06-10T11:34:23.182Z] > git ls-files --stage -- /home/ruslan/Desktop/webDevLearn/shorty-new/src/components/Link.jsx [5ms]
[2022-06-10T11:34:23.189Z] > git cat-file -s 34090903402cad7e1c4055dd59d3b20d9feddc63 [1ms]
[2022-06-10T11:35:51.004Z] > git show --textconv :package.json [18ms]
[2022-06-10T11:35:51.006Z] > git ls-files --stage -- /home/ruslan/Desktop/webDevLearn/shorty-new/package.json [5ms]
[2022-06-10T11:35:51.018Z] > git cat-file -s 802dbe5aee7111852a02d8907c20bfe6565af09d [1ms]
[2022-06-10T11:37:21.053Z] > git show --textconv :package.json [16ms]
[2022-06-10T11:37:21.054Z] > git ls-files --stage -- /home/ruslan/Desktop/webDevLearn/shorty-new/package.json [2ms]
[2022-06-10T11:37:21.069Z] > git cat-file -s 802dbe5aee7111852a02d8907c20bfe6565af09d [2ms]
[2022-06-10T11:39:42.420Z] > git show --textconv :package.json [14ms]
[2022-06-10T11:39:42.421Z] > git ls-files --stage -- /home/ruslan/Desktop/webDevLearn/shorty-new/package.json [2ms]
[2022-06-10T11:39:42.431Z] > git cat-file -s 802dbe5aee7111852a02d8907c20bfe6565af09d [2ms]
[2022-06-10T11:39:50.191Z] > git show --textconv :package.json [13ms]
[2022-06-10T11:39:50.192Z] > git ls-files --stage -- /home/ruslan/Desktop/webDevLearn/shorty-new/package.json [3ms]
[2022-06-10T11:39:50.205Z] > git cat-file -s 802dbe5aee7111852a02d8907c20bfe6565af09d [1ms]
[2022-06-10T11:40:57.944Z] > git show --textconv :package.json [9ms]
[2022-06-10T11:40:57.945Z] > git ls-files --stage -- /home/ruslan/Desktop/webDevLearn/shorty-new/package.json [1ms]
[2022-06-10T11:40:57.958Z] > git cat-file -s 802dbe5aee7111852a02d8907c20bfe6565af09d [1ms]
[2022-06-10T11:41:27.872Z] > git show --textconv :package.json [18ms]
[2022-06-10T11:41:27.881Z] > git ls-files --stage -- /home/ruslan/Desktop/webDevLearn/shorty-new/package.json [11ms]
[2022-06-10T11:41:27.902Z] > git cat-file -s 802dbe5aee7111852a02d8907c20bfe6565af09d [4ms]
[2022-06-10T11:41:29.259Z] > git show --textconv :src/components/Link.jsx [10ms]
[2022-06-10T11:41:29.260Z] > git ls-files --stage -- /home/ruslan/Desktop/webDevLearn/shorty-new/src/components/Link.jsx [2ms]
[2022-06-10T11:41:29.272Z] > git cat-file -s 34090903402cad7e1c4055dd59d3b20d9feddc63 [2ms]
[2022-06-10T11:41:29.864Z] > git show --textconv :package.json [14ms]
[2022-06-10T11:41:29.865Z] > git ls-files --stage -- /home/ruslan/Desktop/webDevLearn/shorty-new/package.json [3ms]
[2022-06-10T11:41:29.878Z] > git cat-file -s 802dbe5aee7111852a02d8907c20bfe6565af09d [2ms]
[2022-06-10T11:51:05.114Z] > git check-ignore -v -z --stdin [8ms]
[2022-06-10T11:51:17.231Z] > git show --textconv :package.json [25ms]
[2022-06-10T11:51:17.234Z] > git ls-files --stage -- /home/ruslan/Desktop/webDevLearn/shorty-new/package.json [12ms]
[2022-06-10T11:51:17.254Z] > git cat-file -s 802dbe5aee7111852a02d8907c20bfe6565af09d [7ms]
[2022-06-10T11:51:30.719Z] > git status -z -uall [3ms]
[2022-06-10T11:51:30.729Z] > git symbolic-ref --short HEAD [1ms]
[2022-06-10T11:51:30.740Z] > git for-each-ref --format=%(refname)%00%(upstream:short)%00%(objectname)%00%(upstream:track)%00%(upstream:remotename)%00%(upstream:remoteref) refs/heads/master refs/remotes/master [1ms]
[2022-06-10T11:51:30.758Z] > git remote --verbose [2ms]
[2022-06-10T11:51:30.759Z] > git for-each-ref --sort -committerdate --format %(refname) %(objectname) %(*objectname) [11ms]
[2022-06-10T11:51:30.775Z] > git config --get commit.template [2ms]
[2022-06-10T12:02:21.816Z] > git status -z -uall [3ms]
[2022-06-10T12:02:21.823Z] > git symbolic-ref --short HEAD [1ms]
[2022-06-10T12:02:21.831Z] > git for-each-ref --format=%(refname)%00%(upstream:short)%00%(objectname)%00%(upstream:track)%00%(upstream:remotename)%00%(upstream:remoteref) refs/heads/master refs/remotes/master [1ms]
[2022-06-10T12:02:21.845Z] > git for-each-ref --sort -committerdate --format %(refname) %(objectname) %(*objectname) [7ms]
[2022-06-10T12:02:21.846Z] > git remote --verbose [1ms]
[2022-06-10T12:02:21.855Z] > git config --get commit.template [1ms]
