["INFO" - 3:19:51 PM] Extension Name: esbenp.prettier-vscode.
["INFO" - 3:19:51 PM] Extension Version: 9.5.0.
["INFO" - 3:34:10 PM] Formatting file:///home/ruslan/Desktop/webDevLearn/shorty-new/src/components/Form.jsx
["INFO" - 3:34:10 PM] Using config file at '/home/ruslan/Desktop/webDevLearn/shorty-new/.prettierrc'
["INFO" - 3:34:10 PM] Using ignore file (if present) at /home/ruslan/Desktop/webDevLearn/shorty-new/.prettierignore
["INFO" - 3:34:10 PM] File Info:
{
  "ignored": false,
  "inferredParser": "babel"
}
["INFO" - 3:34:10 PM] Detected local configuration (i.e. .prettierrc or .editorconfig), VS Code configuration will not be used
["INFO" - 3:34:10 PM] Prettier Options:
{
  "filepath": "/home/ruslan/Desktop/webDevLearn/shorty-new/src/components/Form.jsx",
  "parser": "babel",
  "arrowParens": "avoid",
  "bracketSpacing": false,
  "endOfLine": "lf",
  "htmlWhitespaceSensitivity": "css",
  "insertPragma": false,
  "jsxBracketSameLine": false,
  "jsxSingleQuote": false,
  "printWidth": 80,
  "proseWrap": "always",
  "quoteProps": "as-needed",
  "requirePragma": false,
  "semi": false,
  "singleQuote": true,
  "tabWidth": 2,
  "trailingComma": "all",
  "useTabs": false
}
["INFO" - 3:34:10 PM] Formatting completed in 0.108ms.
