[2022-06-10T09:44:51.436Z] Log level: Info
[2022-06-10T09:44:51.438Z] [info] Validating found git in: git
[2022-06-10T09:44:51.481Z] [info] Using git 2.36.1 from git
[2022-06-10T09:44:51.524Z] > git rev-parse --show-toplevel [11ms]
[2022-06-10T09:44:51.544Z] > git rev-parse --git-dir --git-common-dir [2ms]
[2022-06-10T09:44:51.562Z] [info] Open repository: /home/ruslan/Desktop/webDevLearn/shorty-new
[2022-06-10T09:44:51.609Z] > git status -z -uall [31ms]
[2022-06-10T09:44:51.626Z] > git symbolic-ref --short HEAD [5ms]
[2022-06-10T09:44:51.647Z] > git for-each-ref --format=%(refname)%00%(upstream:short)%00%(objectname)%00%(upstream:track)%00%(upstream:remotename)%00%(upstream:remoteref) refs/heads/master refs/remotes/master [13ms]
[2022-06-10T09:44:51.675Z] > git remote --verbose [9ms]
[2022-06-10T09:44:51.676Z] > git for-each-ref --sort -committerdate --format %(refname) %(objectname) %(*objectname) [18ms]
[2022-06-10T09:44:51.693Z] > git config --get commit.template [2ms]
[2022-06-10T09:44:52.219Z] > git check-ignore -v -z --stdin [10ms]
[2022-06-10T09:44:57.747Z] > git check-ignore -v -z --stdin [14ms]
[2022-06-10T09:44:58.695Z] > git show --textconv :src/components/Link.jsx [44ms]
[2022-06-10T09:44:58.696Z] > git ls-files --stage -- /home/ruslan/Desktop/webDevLearn/shorty-new/src/components/Link.jsx [5ms]
[2022-06-10T09:44:58.757Z] > git cat-file -s 34090903402cad7e1c4055dd59d3b20d9feddc63 [12ms]
[2022-06-10T09:59:38.329Z] > git show --textconv :src/components/Link.jsx [16ms]
[2022-06-10T09:59:38.331Z] > git ls-files --stage -- /home/ruslan/Desktop/webDevLearn/shorty-new/src/components/Link.jsx [6ms]
[2022-06-10T09:59:38.342Z] > git cat-file -s 34090903402cad7e1c4055dd59d3b20d9feddc63 [2ms]
[2022-06-10T09:59:42.103Z] > git check-ignore -v -z --stdin [1ms]
[2022-06-10T09:59:57.287Z] > git show --textconv :index.html [37ms]
[2022-06-10T09:59:57.287Z] > git ls-files --stage -- /home/ruslan/Desktop/webDevLearn/shorty-new/index.html [25ms]
[2022-06-10T09:59:57.305Z] > git cat-file -s 18c3fca63f8be9e2b6292d723acdd9611fe6b9fa [7ms]
[2022-06-10T10:00:26.062Z] > git show --textconv :src/App.jsx [44ms]
[2022-06-10T10:00:26.063Z] > git ls-files --stage -- /home/ruslan/Desktop/webDevLearn/shorty-new/src/App.jsx [22ms]
[2022-06-10T10:00:26.082Z] > git cat-file -s 08dd89da2906fb43eed7d88665e3b3bf1c3a9a5a [5ms]
[2022-06-10T10:00:47.039Z] > git show --textconv HEAD:src/App.jsx [12ms]
[2022-06-10T10:00:47.040Z] > git ls-tree -l HEAD -- /home/ruslan/Desktop/webDevLearn/shorty-new/src/App.jsx [3ms]
[2022-06-10T10:01:07.533Z] > git show --textconv :src/components/Form.jsx [19ms]
[2022-06-10T10:01:07.534Z] > git ls-files --stage -- /home/ruslan/Desktop/webDevLearn/shorty-new/src/components/Form.jsx [5ms]
[2022-06-10T10:01:07.551Z] > git cat-file -s 7238265ee45592b7b16cc2f9a6724eb3efb82117 [2ms]
[2022-06-10T10:01:34.900Z] > git show --textconv :src/components/Link.jsx [8ms]
[2022-06-10T10:01:34.901Z] > git ls-files --stage -- /home/ruslan/Desktop/webDevLearn/shorty-new/src/components/Link.jsx [3ms]
[2022-06-10T10:01:34.912Z] > git cat-file -s 34090903402cad7e1c4055dd59d3b20d9feddc63 [1ms]
[2022-06-10T10:02:02.453Z] > git status -z -uall [15ms]
[2022-06-10T10:02:02.464Z] > git symbolic-ref --short HEAD [1ms]
[2022-06-10T10:02:02.477Z] > git for-each-ref --format=%(refname)%00%(upstream:short)%00%(objectname)%00%(upstream:track)%00%(upstream:remotename)%00%(upstream:remoteref) refs/heads/master refs/remotes/master [3ms]
[2022-06-10T10:02:02.497Z] > git remote --verbose [1ms]
[2022-06-10T10:02:02.498Z] > git for-each-ref --sort -committerdate --format %(refname) %(objectname) %(*objectname) [11ms]
[2022-06-10T10:02:02.513Z] > git config --get commit.template [2ms]
[2022-06-10T10:02:39.988Z] > git show --textconv :src/components/Link.jsx [14ms]
[2022-06-10T10:02:39.989Z] > git ls-files --stage -- /home/ruslan/Desktop/webDevLearn/shorty-new/src/components/Link.jsx [3ms]
[2022-06-10T10:02:40.000Z] > git cat-file -s 34090903402cad7e1c4055dd59d3b20d9feddc63 [2ms]
[2022-06-10T10:02:45.763Z] > git show --textconv :src/components/Input.jsx [10ms]
[2022-06-10T10:02:45.764Z] > git ls-files --stage -- /home/ruslan/Desktop/webDevLearn/shorty-new/src/components/Input.jsx [3ms]
[2022-06-10T10:02:45.775Z] > git cat-file -s 9bd157b4d1497f50ce025625706791f054825939 [3ms]
[2022-06-10T10:02:51.855Z] > git show --textconv :src/components/Input.jsx [8ms]
[2022-06-10T10:02:51.856Z] > git ls-files --stage -- /home/ruslan/Desktop/webDevLearn/shorty-new/src/components/Input.jsx [1ms]
[2022-06-10T10:02:51.866Z] > git cat-file -s 9bd157b4d1497f50ce025625706791f054825939 [2ms]
[2022-06-10T10:03:10.484Z] > git check-ignore -v -z --stdin [2ms]
[2022-06-10T10:03:19.116Z] > git show --textconv :src/components/Input.jsx [9ms]
[2022-06-10T10:03:19.117Z] > git ls-files --stage -- /home/ruslan/Desktop/webDevLearn/shorty-new/src/components/Input.jsx [2ms]
[2022-06-10T10:03:19.125Z] > git cat-file -s 9bd157b4d1497f50ce025625706791f054825939 [1ms]
[2022-06-10T10:03:32.560Z] > git show --textconv :src/components/Link.jsx [10ms]
[2022-06-10T10:03:32.560Z] > git ls-files --stage -- /home/ruslan/Desktop/webDevLearn/shorty-new/src/components/Link.jsx [1ms]
[2022-06-10T10:03:32.571Z] > git cat-file -s 34090903402cad7e1c4055dd59d3b20d9feddc63 [2ms]
[2022-06-10T10:03:54.308Z] > git show --textconv :src/components/Link.jsx [10ms]
[2022-06-10T10:03:54.309Z] > git ls-files --stage -- /home/ruslan/Desktop/webDevLearn/shorty-new/src/components/Link.jsx [2ms]
[2022-06-10T10:03:54.319Z] > git cat-file -s 34090903402cad7e1c4055dd59d3b20d9feddc63 [2ms]
