["INFO" - 1:44:51 PM] Extension Name: esbenp.prettier-vscode.
["INFO" - 1:44:51 PM] Extension Version: 9.5.0.
["INFO" - 1:51:43 PM] Formatting vscode-userdata:/home/ruslan/.config/VSCodium/User/settings.json
["INFO" - 1:51:43 PM] File Info:
{
  "ignored": false,
  "inferredParser": "json"
}
["INFO" - 1:51:43 PM] No local configuration (i.e. .prettierrc or .editorconfig) detected, falling back to VS Code configuration
["INFO" - 1:51:43 PM] Prettier Options:
{
  "arrowParens": "always",
  "bracketSpacing": true,
  "endOfLine": "lf",
  "htmlWhitespaceSensitivity": "css",
  "insertPragma": false,
  "jsxBracketSameLine": false,
  "jsxSingleQuote": false,
  "printWidth": 80,
  "proseWrap": "preserve",
  "quoteProps": "as-needed",
  "requirePragma": false,
  "semi": true,
  "singleQuote": false,
  "tabWidth": 2,
  "trailingComma": "es5",
  "useTabs": false,
  "vueIndentScriptAndStyle": false,
  "filepath": "/home/ruslan/.config/VSCodium/User/settings.json",
  "parser": "json"
}
["INFO" - 1:51:43 PM] Formatting completed in 0.062ms.
["INFO" - 1:51:59 PM] Formatting vscode-userdata:/home/ruslan/.config/VSCodium/User/settings.json
["INFO" - 1:51:59 PM] File Info:
{
  "ignored": false,
  "inferredParser": "json"
}
["INFO" - 1:51:59 PM] No local configuration (i.e. .prettierrc or .editorconfig) detected, falling back to VS Code configuration
["INFO" - 1:51:59 PM] Prettier Options:
{
  "arrowParens": "always",
  "bracketSpacing": true,
  "endOfLine": "lf",
  "htmlWhitespaceSensitivity": "css",
  "insertPragma": false,
  "jsxBracketSameLine": false,
  "jsxSingleQuote": false,
  "printWidth": 80,
  "proseWrap": "preserve",
  "quoteProps": "as-needed",
  "requirePragma": false,
  "semi": true,
  "singleQuote": false,
  "tabWidth": 2,
  "trailingComma": "es5",
  "useTabs": false,
  "vueIndentScriptAndStyle": false,
  "filepath": "/home/ruslan/.config/VSCodium/User/settings.json",
  "parser": "json"
}
["INFO" - 1:51:59 PM] Formatting completed in 0.024ms.
["INFO" - 1:52:00 PM] Formatting vscode-userdata:/home/ruslan/.config/VSCodium/User/settings.json
["INFO" - 1:52:00 PM] File Info:
{
  "ignored": false,
  "inferredParser": "json"
}
["INFO" - 1:52:00 PM] No local configuration (i.e. .prettierrc or .editorconfig) detected, falling back to VS Code configuration
["INFO" - 1:52:00 PM] Prettier Options:
{
  "arrowParens": "always",
  "bracketSpacing": true,
  "endOfLine": "lf",
  "htmlWhitespaceSensitivity": "css",
  "insertPragma": false,
  "jsxBracketSameLine": false,
  "jsxSingleQuote": false,
  "printWidth": 80,
  "proseWrap": "preserve",
  "quoteProps": "as-needed",
  "requirePragma": false,
  "semi": true,
  "singleQuote": false,
  "tabWidth": 2,
  "trailingComma": "es5",
  "useTabs": false,
  "vueIndentScriptAndStyle": false,
  "filepath": "/home/ruslan/.config/VSCodium/User/settings.json",
  "parser": "json"
}
["INFO" - 1:52:00 PM] Formatting completed in 0.007ms.
["INFO" - 1:52:02 PM] Formatting vscode-userdata:/home/ruslan/.config/VSCodium/User/settings.json
["INFO" - 1:52:02 PM] File Info:
{
  "ignored": false,
  "inferredParser": "json"
}
["INFO" - 1:52:02 PM] No local configuration (i.e. .prettierrc or .editorconfig) detected, falling back to VS Code configuration
["INFO" - 1:52:02 PM] Prettier Options:
{
  "arrowParens": "always",
  "bracketSpacing": true,
  "endOfLine": "lf",
  "htmlWhitespaceSensitivity": "css",
  "insertPragma": false,
  "jsxBracketSameLine": false,
  "jsxSingleQuote": false,
  "printWidth": 80,
  "proseWrap": "preserve",
  "quoteProps": "as-needed",
  "requirePragma": false,
  "semi": true,
  "singleQuote": false,
  "tabWidth": 2,
  "trailingComma": "es5",
  "useTabs": false,
  "vueIndentScriptAndStyle": false,
  "filepath": "/home/ruslan/.config/VSCodium/User/settings.json",
  "parser": "json"
}
["INFO" - 1:52:02 PM] Formatting completed in 0.015ms.
["INFO" - 1:52:18 PM] Formatting vscode-userdata:/home/ruslan/.config/VSCodium/User/settings.json
["INFO" - 1:52:18 PM] File Info:
{
  "ignored": false,
  "inferredParser": "json"
}
["INFO" - 1:52:18 PM] No local configuration (i.e. .prettierrc or .editorconfig) detected, falling back to VS Code configuration
["INFO" - 1:52:18 PM] Prettier Options:
{
  "arrowParens": "always",
  "bracketSpacing": true,
  "endOfLine": "lf",
  "htmlWhitespaceSensitivity": "css",
  "insertPragma": false,
  "jsxBracketSameLine": false,
  "jsxSingleQuote": false,
  "printWidth": 80,
  "proseWrap": "preserve",
  "quoteProps": "as-needed",
  "requirePragma": false,
  "semi": true,
  "singleQuote": false,
  "tabWidth": 2,
  "trailingComma": "es5",
  "useTabs": false,
  "vueIndentScriptAndStyle": false,
  "filepath": "/home/ruslan/.config/VSCodium/User/settings.json",
  "parser": "json"
}
["INFO" - 1:52:18 PM] Formatting completed in 0.013ms.
