[2022-06-10T09:34:35.181Z] Log level: Info
[2022-06-10T09:34:35.182Z] [info] Validating found git in: git
[2022-06-10T09:34:35.235Z] [info] Using git 2.36.1 from git
[2022-06-10T09:34:35.282Z] > git rev-parse --show-toplevel [33ms]
[2022-06-10T09:34:35.317Z] > git rev-parse --git-dir --git-common-dir [16ms]
[2022-06-10T09:34:35.332Z] [info] Open repository: /home/ruslan/Desktop/webDevLearn/shorty-new
[2022-06-10T09:34:35.371Z] > git status -z -uall [25ms]
[2022-06-10T09:34:35.387Z] > git symbolic-ref --short HEAD [6ms]
[2022-06-10T09:34:35.405Z] > git for-each-ref --format=%(refname)%00%(upstream:short)%00%(objectname)%00%(upstream:track)%00%(upstream:remotename)%00%(upstream:remoteref) refs/heads/master refs/remotes/master [3ms]
[2022-06-10T09:34:35.427Z] > git remote --verbose [2ms]
[2022-06-10T09:34:35.430Z] > git for-each-ref --sort -committerdate --format %(refname) %(objectname) %(*objectname) [14ms]
[2022-06-10T09:34:35.452Z] > git config --get commit.template [1ms]
[2022-06-10T09:34:35.892Z] > git check-ignore -v -z --stdin [2ms]
[2022-06-10T09:34:51.009Z] > git show --textconv :.prettierrc [103ms]
[2022-06-10T09:34:51.010Z] > git ls-files --stage -- /home/ruslan/Desktop/webDevLearn/shorty-new/.prettierrc [67ms]
[2022-06-10T09:34:51.059Z] > git cat-file -s 45d76c62b88fed0484364e94a068053c0c000bde [24ms]
[2022-06-10T09:34:58.553Z] > git show --textconv :tailwind.config.js [31ms]
[2022-06-10T09:34:58.560Z] > git ls-files --stage -- /home/ruslan/Desktop/webDevLearn/shorty-new/tailwind.config.js [11ms]
[2022-06-10T09:34:58.598Z] > git cat-file -s cd388e09d25b2a5398ebcb65f6ef7e702f18c54c [22ms]
[2022-06-10T09:35:00.660Z] > git show --textconv :.prettierrc [42ms]
[2022-06-10T09:35:00.660Z] > git ls-files --stage -- /home/ruslan/Desktop/webDevLearn/shorty-new/.prettierrc [14ms]
[2022-06-10T09:35:00.682Z] > git cat-file -s 45d76c62b88fed0484364e94a068053c0c000bde [2ms]
[2022-06-10T09:35:35.686Z] > git show --textconv :index.html [18ms]
[2022-06-10T09:35:35.690Z] > git ls-files --stage -- /home/ruslan/Desktop/webDevLearn/shorty-new/index.html [8ms]
[2022-06-10T09:35:35.708Z] > git cat-file -s 18c3fca63f8be9e2b6292d723acdd9611fe6b9fa [10ms]
[2022-06-10T09:35:43.881Z] > git check-ignore -v -z --stdin [36ms]
[2022-06-10T09:35:44.165Z] > git show --textconv :src/components/Link.jsx [14ms]
[2022-06-10T09:35:44.165Z] > git ls-files --stage -- /home/ruslan/Desktop/webDevLearn/shorty-new/src/components/Link.jsx [4ms]
[2022-06-10T09:35:44.174Z] > git cat-file -s 34090903402cad7e1c4055dd59d3b20d9feddc63 [1ms]
[2022-06-10T09:35:44.745Z] > git check-ignore -v -z --stdin [1ms]
[2022-06-10T09:38:39.175Z] > git show --textconv :index.html [28ms]
[2022-06-10T09:38:39.178Z] > git ls-files --stage -- /home/ruslan/Desktop/webDevLearn/shorty-new/index.html [4ms]
[2022-06-10T09:38:39.202Z] > git cat-file -s 18c3fca63f8be9e2b6292d723acdd9611fe6b9fa [6ms]
[2022-06-10T09:38:40.476Z] > git show --textconv :src/components/Link.jsx [13ms]
[2022-06-10T09:38:40.476Z] > git ls-files --stage -- /home/ruslan/Desktop/webDevLearn/shorty-new/src/components/Link.jsx [3ms]
[2022-06-10T09:38:40.487Z] > git cat-file -s 34090903402cad7e1c4055dd59d3b20d9feddc63 [1ms]
[2022-06-10T09:39:04.224Z] > git show --textconv :index.html [22ms]
[2022-06-10T09:39:04.227Z] > git ls-files --stage -- /home/ruslan/Desktop/webDevLearn/shorty-new/index.html [8ms]
[2022-06-10T09:39:04.240Z] > git cat-file -s 18c3fca63f8be9e2b6292d723acdd9611fe6b9fa [2ms]
[2022-06-10T09:39:18.276Z] > git show --textconv :src/components/Link.jsx [18ms]
[2022-06-10T09:39:18.276Z] > git ls-files --stage -- /home/ruslan/Desktop/webDevLearn/shorty-new/src/components/Link.jsx [7ms]
[2022-06-10T09:39:18.291Z] > git cat-file -s 34090903402cad7e1c4055dd59d3b20d9feddc63 [2ms]
[2022-06-10T09:41:19.744Z] > git show --textconv :src/components/Link.jsx [15ms]
[2022-06-10T09:41:19.746Z] > git ls-files --stage -- /home/ruslan/Desktop/webDevLearn/shorty-new/src/components/Link.jsx [6ms]
[2022-06-10T09:41:19.759Z] > git cat-file -s 34090903402cad7e1c4055dd59d3b20d9feddc63 [2ms]
[2022-06-10T09:42:10.179Z] > git show --textconv :src/components/Link.jsx [19ms]
[2022-06-10T09:42:10.180Z] > git ls-files --stage -- /home/ruslan/Desktop/webDevLearn/shorty-new/src/components/Link.jsx [6ms]
[2022-06-10T09:42:10.197Z] > git cat-file -s 34090903402cad7e1c4055dd59d3b20d9feddc63 [4ms]
[2022-06-10T09:42:43.636Z] > git show --textconv :src/components/Link.jsx [16ms]
[2022-06-10T09:42:43.637Z] > git ls-files --stage -- /home/ruslan/Desktop/webDevLearn/shorty-new/src/components/Link.jsx [4ms]
[2022-06-10T09:42:43.653Z] > git cat-file -s 34090903402cad7e1c4055dd59d3b20d9feddc63 [3ms]
[2022-06-10T09:42:49.603Z] > git show --textconv :src/components/Link.jsx [14ms]
[2022-06-10T09:42:49.605Z] > git ls-files --stage -- /home/ruslan/Desktop/webDevLearn/shorty-new/src/components/Link.jsx [5ms]
[2022-06-10T09:42:49.630Z] > git cat-file -s 34090903402cad7e1c4055dd59d3b20d9feddc63 [5ms]
