[2022-06-10 13:29:50.859] [sharedprocess] [info] Starting worker process with pid 22574 (type: fileWatcher, window: 1).
[2022-06-10 13:31:30.110] [sharedprocess] [info] Getting Manifest... luxcium.pop-n-lock-theme-vscode
[2022-06-10 13:31:30.759] [sharedprocess] [info] Installing extension: luxcium.pop-n-lock-theme-vscode
[2022-06-10 13:31:31.494] [sharedprocess] [info] Getting Manifest... pkief.material-icon-theme
[2022-06-10 13:31:32.229] [sharedprocess] [info] Getting Manifest... aaron-bond.better-comments
[2022-06-10 13:31:32.911] [sharedprocess] [info] Getting Manifest... coenraads.bracket-pair-colorizer-2
[2022-06-10 13:31:33.651] [sharedprocess] [info] Installing extension: pkief.material-icon-theme
[2022-06-10 13:31:33.651] [sharedprocess] [info] Installing extension: aaron-bond.better-comments
[2022-06-10 13:31:33.652] [sharedprocess] [info] Installing extension: coenraads.bracket-pair-colorizer-2
[2022-06-10 13:31:35.023] [sharedprocess] [info] Downloaded extension: aaron-bond.better-comments /home/ruslan/.config/VSCodium/CachedExtensionVSIXs/aaron-bond.better-comments-3.0.0
[2022-06-10 13:31:35.111] [sharedprocess] [info] Extracted extension to /home/ruslan/.vscode-oss/extensions/.f95eac48-4b13-4881-8c1f-4d1b4e528be6: aaron-bond.better-comments
[2022-06-10 13:31:35.159] [sharedprocess] [info] Renamed to /home/ruslan/.vscode-oss/extensions/aaron-bond.better-comments-3.0.0
[2022-06-10 13:31:35.162] [sharedprocess] [info] Extracting completed. aaron-bond.better-comments
[2022-06-10 13:31:35.991] [sharedprocess] [info] Downloaded extension: coenraads.bracket-pair-colorizer-2 /home/ruslan/.config/VSCodium/CachedExtensionVSIXs/coenraads.bracket-pair-colorizer-2-0.1.4
[2022-06-10 13:31:36.162] [sharedprocess] [info] Extracted extension to /home/ruslan/.vscode-oss/extensions/.cf17beec-7391-4776-a1b9-1458eae2a200: coenraads.bracket-pair-colorizer-2
[2022-06-10 13:31:36.220] [sharedprocess] [info] Downloaded extension: pkief.material-icon-theme /home/ruslan/.config/VSCodium/CachedExtensionVSIXs/pkief.material-icon-theme-4.18.1
[2022-06-10 13:31:36.239] [sharedprocess] [info] Renamed to /home/ruslan/.vscode-oss/extensions/coenraads.bracket-pair-colorizer-2-0.1.4
[2022-06-10 13:31:36.242] [sharedprocess] [info] Extracting completed. coenraads.bracket-pair-colorizer-2
[2022-06-10 13:31:37.061] [sharedprocess] [info] Extracted extension to /home/ruslan/.vscode-oss/extensions/.2cbd86fb-34a2-4ee2-93a1-ccb2447ace0b: pkief.material-icon-theme
[2022-06-10 13:31:37.121] [sharedprocess] [info] Renamed to /home/ruslan/.vscode-oss/extensions/pkief.material-icon-theme-4.18.1
[2022-06-10 13:31:37.123] [sharedprocess] [info] Extracting completed. pkief.material-icon-theme
[2022-06-10 13:32:18.959] [sharedprocess] [info] Getting Manifest... eamodio.gitlens
[2022-06-10 13:32:19.206] [sharedprocess] [info] Installing extension: eamodio.gitlens
[2022-06-10 13:32:27.627] [sharedprocess] [info] Getting Manifest... dbaeumer.vscode-eslint
[2022-06-10 13:32:27.744] [sharedprocess] [info] Installing extension: dbaeumer.vscode-eslint
[2022-06-10 13:32:29.143] [sharedprocess] [info] Getting Manifest... esbenp.prettier-vscode
[2022-06-10 13:32:29.451] [sharedprocess] [info] Installing extension: esbenp.prettier-vscode
[2022-06-10 13:32:32.796] [sharedprocess] [info] Downloaded extension: dbaeumer.vscode-eslint /home/ruslan/.config/VSCodium/CachedExtensionVSIXs/dbaeumer.vscode-eslint-2.2.2
[2022-06-10 13:32:33.159] [sharedprocess] [info] Extracted extension to /home/ruslan/.vscode-oss/extensions/.7b5a9fe8-746f-469f-9e0b-af3160e49e3b: dbaeumer.vscode-eslint
[2022-06-10 13:32:33.228] [sharedprocess] [info] Renamed to /home/ruslan/.vscode-oss/extensions/dbaeumer.vscode-eslint-2.2.2
[2022-06-10 13:32:33.232] [sharedprocess] [info] Extracting completed. dbaeumer.vscode-eslint
[2022-06-10 13:32:33.234] [sharedprocess] [info] Extension installed successfully: dbaeumer.vscode-eslint
[2022-06-10 13:32:51.883] [sharedprocess] [info] Downloaded extension: eamodio.gitlens /home/ruslan/.config/VSCodium/CachedExtensionVSIXs/eamodio.gitlens-12.0.7
[2022-06-10 13:32:52.915] [sharedprocess] [info] Extracted extension to /home/ruslan/.vscode-oss/extensions/.6d628154-dc40-4235-9067-9707bdf113a1: eamodio.gitlens
[2022-06-10 13:32:52.980] [sharedprocess] [info] Renamed to /home/ruslan/.vscode-oss/extensions/eamodio.gitlens-12.0.7
[2022-06-10 13:32:52.987] [sharedprocess] [info] Extracting completed. eamodio.gitlens
[2022-06-10 13:32:53.005] [sharedprocess] [info] Extension installed successfully: eamodio.gitlens
[2022-06-10 13:33:24.039] [sharedprocess] [info] Downloaded extension: esbenp.prettier-vscode /home/ruslan/.config/VSCodium/CachedExtensionVSIXs/esbenp.prettier-vscode-9.5.0
[2022-06-10 13:33:24.408] [sharedprocess] [info] Extracted extension to /home/ruslan/.vscode-oss/extensions/.11da2f64-e3f8-4411-a9fb-ccde24d07e16: esbenp.prettier-vscode
[2022-06-10 13:33:24.494] [sharedprocess] [info] Renamed to /home/ruslan/.vscode-oss/extensions/esbenp.prettier-vscode-9.5.0
[2022-06-10 13:33:24.500] [sharedprocess] [info] Extracting completed. esbenp.prettier-vscode
[2022-06-10 13:33:24.501] [sharedprocess] [info] Extension installed successfully: esbenp.prettier-vscode
[2022-06-10 13:33:31.971] [sharedprocess] [info] Downloaded extension: luxcium.pop-n-lock-theme-vscode /home/ruslan/.config/VSCodium/CachedExtensionVSIXs/luxcium.pop-n-lock-theme-vscode-3.31.0
[2022-06-10 13:33:32.752] [sharedprocess] [info] Extracted extension to /home/ruslan/.vscode-oss/extensions/.44c8c689-f2c3-4bcd-9b21-af0acdc55acf: luxcium.pop-n-lock-theme-vscode
[2022-06-10 13:33:32.811] [sharedprocess] [info] Renamed to /home/ruslan/.vscode-oss/extensions/luxcium.pop-n-lock-theme-vscode-3.31.0
[2022-06-10 13:33:32.813] [sharedprocess] [info] Extracting completed. luxcium.pop-n-lock-theme-vscode
[2022-06-10 13:33:32.814] [sharedprocess] [info] Extension installed successfully: aaron-bond.better-comments
[2022-06-10 13:33:32.814] [sharedprocess] [info] Extension installed successfully: coenraads.bracket-pair-colorizer-2
[2022-06-10 13:33:32.814] [sharedprocess] [info] Extension installed successfully: pkief.material-icon-theme
[2022-06-10 13:33:32.814] [sharedprocess] [info] Extension installed successfully: luxcium.pop-n-lock-theme-vscode
